Starting Dynare (version 6.1).
Calling Dynare with arguments: none
Starting preprocessing of the model file ... 
Found 9 equation(s). 
Evaluating expressions... 
Computing static model derivatives (order 1). 
Normalizing the static model... 
Finding the optimal block decomposition of the static model... 
4 block(s) found: 
  3 recursive block(s) and 1 simultaneous block(s). 
  the largest simultaneous block has 5 equation(s) 
                                 and 5 feedback variable(s). 
Computing dynamic model derivatives (order 1). 
Normalizing the dynamic model... 
Finding the optimal block decomposition of the dynamic model... 
4 block(s) found: 
  3 recursive block(s) and 1 simultaneous block(s). 
  the largest simultaneous block has 5 equation(s) 
                                 and 5 feedback variable(s). 
Preprocessing completed. 
Preprocessing time: 0h00m00s.
[Warning: Some of the parameters have no value (B) when using steady. If these parameters are not initialized in a
steadystate file or a steady_state_model-block, Dynare may not be able to solve the model. Note that simul,
perfect_foresight_setup, and perfect_foresight_solver do not automatically call the steady state file.] 

STEADY-STATE RESULTS:

c             		 0.832039
w             		 2.3706
r             		 0.035101
y             		 1.11894
h             		 0.302084
k             		 11.476
i             		 0.286899
lambda        		 1
productividad 		 3.70406

EIGENVALUES:
         Modulus             Real        Imaginary
          0.9418           0.9418                0
            0.95             0.95                0
           1.073            1.073                0
       1.661e+17        1.661e+17                0

There are 2 eigenvalue(s) larger than 1 in modulus for 2 forward-looking variable(s)
The rank condition is verified.


STEADY-STATE RESULTS:

c             		 0.832039
w             		 2.3706
r             		 0.035101
y             		 1.11894
h             		 0.302084
k             		 11.476
i             		 0.286899
lambda        		 1
productividad 		 3.70406

MODEL SUMMARY

  Number of variables:         9
  Number of stochastic shocks: 1
  Number of state variables:   2
  Number of jumpers:           2
  Number of static variables:  5


MATRIX OF COVARIANCE OF EXOGENOUS SHOCKS
Variables       eps_a
eps_a        0.000049

POLICY AND TRANSITION FUNCTIONS
                                   log(c)               log(w)               log(r)               log(y)               log(h)               log(k)               log(i)          log(lambda)   log(productividad)
Constant                        -0.183876             0.863142            -3.349525             0.112380            -1.197049             2.440254            -1.248625                    0             1.309429
log(k(-1))                       0.531588             0.531588            -0.945045             0.054955            -0.476633             0.941817            -1.327334                    0             0.531588
log(lambda(-1))                  0.446761             0.446761             1.844648             1.844648             1.397887             0.147467             5.898676             0.950000             0.446761
eps_a                            0.470274             0.470274             1.941734             1.941734             1.471460             0.155228             6.209133             1.000000             0.470274


MOMENTS OF SIMULATED VARIABLES (HP filter, lambda = 1600)
VARIABLE                        MEAN       STD. DEV.        VARIANCE        SKEWNESS        KURTOSIS
log(c)                     -0.207105        0.004695        0.000022        0.219863       -0.412487
log(w)                      0.839913        0.004695        0.000022        0.219863       -0.412487
log(r)                     -3.349844        0.016592        0.000275        0.057874        0.252350
log(y)                      0.081617        0.016318        0.000266        0.126643        0.075438
log(h)                     -1.204583        0.012413        0.000154        0.080291        0.213119
log(k)                      2.409256        0.004395        0.000019        0.255426       -0.894002
log(i)                     -1.301238        0.052127        0.002717        0.095258        0.176738
log(lambda)                -0.014982        0.008396        0.000070        0.123119        0.088437
log(productividad)          1.286200        0.004695        0.000022        0.219863       -0.412487


CORRELATION OF SIMULATED VARIABLES (HP filter, lambda = 1600)
VARIABLE                          c              w              r              y              h              k              i         lambda  productividad
log(c)                       1.0000         1.0000         0.7183         0.8761         0.7735         0.7674         0.8084         0.8689         1.0000
log(w)                       1.0000         1.0000         0.7183         0.8761         0.7735         0.7674         0.8084         0.8689         1.0000
log(r)                       0.7183         0.7183         1.0000         0.9647         0.9966         0.1051         0.9902         0.9685         0.7183
log(y)                       0.8761         0.8761         0.9647         1.0000         0.9832         0.3632         0.9920         0.9999         0.8761
log(h)                       0.7735         0.7735         0.9966         0.9832         1.0000         0.1872         0.9984         0.9858         0.7735
log(k)                       0.7674         0.7674         0.1051         0.3632         0.1872         1.0000         0.2429         0.3494         0.7674
log(i)                       0.8084         0.8084         0.9902         0.9920         0.9984         0.2429         1.0000         0.9938         0.8084
log(lambda)                  0.8689         0.8689         0.9685         0.9999         0.9858         0.3494         0.9938         1.0000         0.8689
log(productividad)           1.0000         1.0000         0.7183         0.8761         0.7735         0.7674         0.8084         0.8689         1.0000


AUTOCORRELATION OF SIMULATED VARIABLES (HP filter, lambda = 1600)
VARIABLE                    1        2        3        4        5
log(c)                 0.7708   0.5333   0.2990   0.1881   0.0732
log(w)                 0.7708   0.5333   0.2990   0.1881   0.0732
log(r)                 0.6409   0.3158   0.0371  -0.0182  -0.0985
log(y)                 0.6547   0.3394   0.0626  -0.0017  -0.0851
log(h)                 0.6409   0.3160   0.0362  -0.0204  -0.1005
log(k)                 0.9397   0.8155   0.6508   0.4808   0.3164
log(i)                 0.6432   0.3200   0.0403  -0.0180  -0.0987
log(lambda)            0.6529   0.3364   0.0591  -0.0044  -0.0874
log(productividad)     0.7708   0.5333   0.2990   0.1881   0.0732

----------------------------------------------------- 
ESTADÍSTICAS DE LAS VARIABLES*           
----------------------------------------------------- 
                     	      std(x) 	   corr(y,x) 
c                    	 0.50 (0.06) 	 1.00 (0.00) 
w                    	 0.50 (0.06) 	 0.85 (0.03) 
r                    	 1.78 (0.17) 	 0.93 (0.02) 
y                    	 1.75 (0.17) 	 0.69 (0.09) 
h                    	 1.33 (0.13) 	 0.83 (0.05) 
k                    	 0.48 (0.08) 	 0.85 (0.03) 
----------------------------------------------------- 

------------------------- 
DESVIACIONES RELATIVAS*                  
------------------------- 
std(c)/std(y) 	 0.29 
std(I)/std(y) 	 3.20 
std(h)/std(y) 	 0.76 
std(w)/std(y) 	 0.29 
std(h)/std(w) 	 2.64 
corr(h,w)     	 0.85 
------------------------- 

* Nota:                                  
----------------------------------------------------- 
- N° de Simulaciones consideradas: 10000 de 10000 
- N° de Periodos: 200
----------------------------------------------------- 
Total computing time : 0h00m31s
Note: warning(s) encountered in MATLAB/Octave code
