Starting Dynare (version 6.1).
Calling Dynare with arguments: none
Starting preprocessing of the model file ... 
Found 9 equation(s). 
Evaluating expressions... 
Computing static model derivatives (order 1). 
Normalizing the static model... 
Finding the optimal block decomposition of the static model... 
4 block(s) found: 
  3 recursive block(s) and 1 simultaneous block(s). 
  the largest simultaneous block has 5 equation(s) 
                                 and 5 feedback variable(s). 
Computing dynamic model derivatives (order 1). 
Normalizing the dynamic model... 
Finding the optimal block decomposition of the dynamic model... 
4 block(s) found: 
  3 recursive block(s) and 1 simultaneous block(s). 
  the largest simultaneous block has 5 equation(s) 
                                 and 5 feedback variable(s). 
Preprocessing completed. 
Preprocessing time: 0h00m00s.

STEADY-STATE RESULTS:

c             		 0.828683
w             		 2.3706
r             		 0.035101
y             		 1.11442
h             		 0.300866
k             		 11.4297
i             		 0.285742
z             		 1
productividad 		 3.70406

EIGENVALUES:
         Modulus             Real        Imaginary
            0.95             0.95                0
          0.9528           0.9528                0
            1.06             1.06                0
       3.396e+19        3.396e+19                0

There are 2 eigenvalue(s) larger than 1 in modulus for 2 forward-looking variable(s)
The rank condition is verified.


STEADY-STATE RESULTS:

c             		 0.828683
w             		 2.3706
r             		 0.035101
y             		 1.11442
h             		 0.300866
k             		 11.4297
i             		 0.285742
z             		 1
productividad 		 3.70406

MODEL SUMMARY

  Number of variables:         9
  Number of stochastic shocks: 1
  Number of state variables:   2
  Number of jumpers:           2
  Number of static variables:  5


MATRIX OF COVARIANCE OF EXOGENOUS SHOCKS
Variables       eps_z
eps_z        0.000049

POLICY AND TRANSITION FUNCTIONS
                                   log(c)               log(w)               log(r)               log(y)               log(h)               log(k)               log(i)               log(z)   log(productividad)
Constant                        -0.187918             0.863142            -3.349525             0.108338            -1.201091             2.436212            -1.252667                    0             1.309429
log(k(-1))                       0.565982             0.453825            -0.806800             0.193200            -0.260624             0.952802            -0.887907                    0             0.453825
log(z(-1))                       0.378152             0.689523             1.413070             1.413070             0.723547             0.110361             4.414448             0.950000             0.689523
eps_z                            0.398055             0.725814             1.487442             1.487442             0.761628             0.116170             4.646787             1.000000             0.725814


MOMENTS OF SIMULATED VARIABLES (HP filter, lambda = 1600)
VARIABLE                        MEAN       STD. DEV.        VARIANCE        SKEWNESS        KURTOSIS
log(c)                     -0.208012        0.003885        0.000015        0.212440       -0.415644
log(w)                      0.840938        0.006322        0.000040        0.171089       -0.152655
log(r)                     -3.351667        0.012691        0.000161        0.073819        0.239916
log(y)                      0.081230        0.012524        0.000157        0.134088        0.040459
log(h)                     -1.205994        0.006426        0.000041        0.092458        0.195787
log(k)                      2.410684        0.003340        0.000011        0.253353       -0.935613
log(i)                     -1.300115        0.039034        0.001524        0.106255        0.152602
log(z)                     -0.014982        0.008396        0.000070        0.123119        0.088437
log(productividad)          1.287225        0.006322        0.000040        0.171089       -0.152655


CORRELATION OF SIMULATED VARIABLES (HP filter, lambda = 1600)
VARIABLE                          c              w              r              y              h              k              i              z  productividad
log(c)                       1.0000         0.9653         0.7535         0.8989         0.8021         0.7392         0.8362         0.8752         0.9653
log(w)                       0.9653         1.0000         0.8990         0.9821         0.9303         0.5376         0.9504         0.9712         1.0000
log(r)                       0.7535         0.8990         1.0000         0.9654         0.9970         0.1141         0.9906         0.9775         0.8990
log(y)                       0.8989         0.9821         0.9654         1.0000         0.9827         0.3693         0.9920         0.9987         0.9821
log(h)                       0.8021         0.9303         0.9970         0.9827         1.0000         0.1908         0.9982         0.9909         0.9303
log(k)                       0.7392         0.5376         0.1141         0.3693         0.1908         1.0000         0.2488         0.3212         0.5376
log(i)                       0.8362         0.9504         0.9906         0.9920         0.9982         0.2488         1.0000         0.9971         0.9504
log(z)                       0.8752         0.9712         0.9775         0.9987         0.9909         0.3212         0.9971         1.0000         0.9712
log(productividad)           0.9653         1.0000         0.8990         0.9821         0.9303         0.5376         0.9504         0.9712         1.0000


AUTOCORRELATION OF SIMULATED VARIABLES (HP filter, lambda = 1600)
VARIABLE                    1        2        3        4        5
log(c)                 0.7606   0.5163   0.2777   0.1705   0.0593
log(w)                 0.6918   0.4013   0.1366   0.0561  -0.0366
log(r)                 0.6440   0.3211   0.0433  -0.0135  -0.0947
log(y)                 0.6588   0.3462   0.0706   0.0042  -0.0801
log(h)                 0.6443   0.3218   0.0430  -0.0152  -0.0963
log(k)                 0.9405   0.8176   0.6541   0.4852   0.3221
log(i)                 0.6469   0.3261   0.0475  -0.0126  -0.0942
log(z)                 0.6529   0.3364   0.0591  -0.0044  -0.0874
log(productividad)     0.6918   0.4013   0.1366   0.0561  -0.0366

----------------------------------------------------- 
ESTADÍSTICAS DE LAS VARIABLES*           
----------------------------------------------------- 
                     	      std(x) 	   corr(y,x) 
c                    	 0.42 (0.05) 	 1.00 (0.00) 
w                    	 0.68 (0.07) 	 0.87 (0.03) 
r                    	 1.36 (0.13) 	 0.93 (0.02) 
y                    	 1.34 (0.13) 	 0.71 (0.09) 
h                    	 0.69 (0.07) 	 0.81 (0.06) 
k                    	 0.36 (0.06) 	 0.95 (0.01) 
----------------------------------------------------- 

------------------------- 
DESVIACIONES RELATIVAS*                  
------------------------- 
std(c)/std(y) 	 0.31 
std(i)/std(y) 	 3.12 
std(h)/std(y) 	 0.51 
std(w)/std(y) 	 0.50 
std(h)/std(w) 	 1.02 
corr(h,w)     	 0.87 
------------------------- 

* Nota:                                  
----------------------------------------------------- 
- N° de Simulaciones consideradas: 10000 de 10000 
- N° de Periodos: 200
----------------------------------------------------- 
[Warning: The following error was caught while executing 'onCleanup' class destructor:
Error using <a href="matlab:matlab.internal.language.introspective.errorDocCallback('getappdata')" style="font-weight:bold">getappdata</a>
Value must be a handle.
Error in matlab.graphics.internal.export.exportPreparation

Error in matlab.graphics.internal.export.exportPreparation

Error in matlab.graphics.internal.export.Exporter/postExportCleanup

Error in matlab.graphics.internal.export.Exporter>@()obj.postExportCleanup(pj)

Error in <a href="matlab:matlab.internal.language.introspective.errorDocCallback('onCleanup/delete', 'C:\Program Files\MATLAB\R2022b\toolbox\matlab\general\onCleanup.m', 23)" style="font-weight:bold">onCleanup/delete</a> (<a href="matlab: opentoline('C:\Program Files\MATLAB\R2022b\toolbox\matlab\general\onCleanup.m',23,0)">line 23</a>)
            obj.task();
Error in matlab.graphics.internal.export.Exporter/process

Error in matlab.graphics.internal.export.exportTo

Error in exportgraphics

Error in <a href="matlab:matlab.internal.language.introspective.errorDocCallback('Trabajo_divisible.driver', 'C:\Users\solis\OneDrive\Escritorio\Macro 2\Proyecto Computacional Macroeconomía 2\Códigos matlab\+Trabajo_divisible\driver.m', 486)" style="font-weight:bold">Trabajo_divisible.driver</a> (<a href="matlab: opentoline('C:\Users\solis\OneDrive\Escritorio\Macro 2\Proyecto Computacional Macroeconomía 2\Códigos matlab\+Trabajo_divisible\driver.m',486,0)">line 486</a>)
exportgraphics(fig_histogram, 'stats_Trabajo_divisible.png', 'Resolution', 300);
Error in <a href="matlab:matlab.internal.language.introspective.errorDocCallback('dynare', 'C:\dynare\6.1\matlab\dynare.m', 310)" style="font-weight:bold">dynare</a> (<a href="matlab: opentoline('C:\dynare\6.1\matlab\dynare.m',310,0)">line 310</a>)
    evalin('base',[fname '.driver']);] 
Total computing time : 0h00m32s
Note: warning(s) encountered in MATLAB/Octave code
